<?xml version="1.0" encoding="UTF-8"?>
<testng-results ignored="0" total="11" passed="10" failed="1" skipped="0">
  <reporter-output>
  </reporter-output>
  <suite started-at="2022-06-08T14:54:37 EET" name="Default suite" finished-at="2022-06-08T14:56:15 EET" duration-ms="97960">
    <groups>
      <group name="cucumber">
        <method signature="AbstractTestNGCucumberTests.runScenario(io.cucumber.testng.PickleWrapper,io.cucumber.testng.FeatureWrapper)[pri:0, instance:testrunners.TestRunner@7a362b6b]" name="runScenario" class="io.cucumber.testng.AbstractTestNGCucumberTests"/>
      </group> <!-- cucumber -->
    </groups>
    <test started-at="2022-06-08T14:54:37 EET" name="Default test" finished-at="2022-06-08T14:56:15 EET" duration-ms="97960">
      <class name="testrunners.TestRunner">
        <test-method is-config="true" signature="setUpClass(org.testng.ITestContext)[pri:0, instance:testrunners.TestRunner@7a362b6b]" started-at="2022-06-08T14:54:37 EET" name="setUpClass" finished-at="2022-06-08T14:54:38 EET" duration-ms="846" status="PASS">
          <params>
            <param index="0">
              <value>
                <![CDATA[org.testng.TestRunner@4e4bfd9c]]>
              </value>
            </param>
          </params>
          <reporter-output>
          </reporter-output>
        </test-method> <!-- setUpClass -->
        <test-method signature="runScenario(io.cucumber.testng.PickleWrapper,io.cucumber.testng.FeatureWrapper)[pri:0, instance:testrunners.TestRunner@7a362b6b]" started-at="2022-06-08T14:54:38 EET" name="runScenario" description="Runs Cucumber Scenarios" data-provider="scenarios" finished-at="2022-06-08T14:55:03 EET" duration-ms="24789" status="PASS">
          <params>
            <param index="0">
              <value>
                <![CDATA["Scroll down to the bottom and click on the follow us icons"]]>
              </value>
            </param>
            <param index="1">
              <value>
                <![CDATA["Follow us links open the corresponding URLs"]]>
              </value>
            </param>
          </params>
          <reporter-output>
          </reporter-output>
        </test-method> <!-- runScenario -->
        <test-method signature="runScenario(io.cucumber.testng.PickleWrapper,io.cucumber.testng.FeatureWrapper)[pri:0, instance:testrunners.TestRunner@7a362b6b]" started-at="2022-06-08T14:55:03 EET" name="runScenario" description="Runs Cucumber Scenarios" data-provider="scenarios" finished-at="2022-06-08T14:55:09 EET" duration-ms="5582" status="PASS">
          <params>
            <param index="0">
              <value>
                <![CDATA["Click on Nokia banner on responsive slider wrapper"]]>
              </value>
            </param>
            <param index="1">
              <value>
                <![CDATA["User could click on slider wrapper"]]>
              </value>
            </param>
          </params>
          <reporter-output>
          </reporter-output>
        </test-method> <!-- runScenario -->
        <test-method signature="runScenario(io.cucumber.testng.PickleWrapper,io.cucumber.testng.FeatureWrapper)[pri:0, instance:testrunners.TestRunner@7a362b6b]" started-at="2022-06-08T14:55:09 EET" name="runScenario" description="Runs Cucumber Scenarios" data-provider="scenarios" finished-at="2022-06-08T14:55:13 EET" duration-ms="4563" status="PASS">
          <params>
            <param index="0">
              <value>
                <![CDATA["Click on Nokia banner on responsive slider wrapper"]]>
              </value>
            </param>
            <param index="1">
              <value>
                <![CDATA["User could click on slider wrapper"]]>
              </value>
            </param>
          </params>
          <reporter-output>
          </reporter-output>
        </test-method> <!-- runScenario -->
        <test-method signature="runScenario(io.cucumber.testng.PickleWrapper,io.cucumber.testng.FeatureWrapper)[pri:0, instance:testrunners.TestRunner@7a362b6b]" started-at="2022-06-08T14:55:13 EET" name="runScenario" description="Runs Cucumber Scenarios" data-provider="scenarios" finished-at="2022-06-08T14:55:20 EET" duration-ms="6231" status="PASS">
          <params>
            <param index="0">
              <value>
                <![CDATA["Hover the header menu and select random category then hover and open sub-category if found"]]>
              </value>
            </param>
            <param index="1">
              <value>
                <![CDATA["User could select different categories and sub-category"]]>
              </value>
            </param>
          </params>
          <reporter-output>
          </reporter-output>
        </test-method> <!-- runScenario -->
        <test-method signature="runScenario(io.cucumber.testng.PickleWrapper,io.cucumber.testng.FeatureWrapper)[pri:0, instance:testrunners.TestRunner@7a362b6b]" started-at="2022-06-08T14:55:20 EET" name="runScenario" description="Runs Cucumber Scenarios" data-provider="scenarios" finished-at="2022-06-08T14:55:31 EET" duration-ms="11145" status="FAIL">
          <params>
            <param index="0">
              <value>
                <![CDATA["User login with valid credentials"]]>
              </value>
            </param>
            <param index="1">
              <value>
                <![CDATA["User could login with credentials"]]>
              </value>
            </param>
          </params>
          <exception class="org.openqa.selenium.NoSuchElementException">
            <message>
              <![CDATA[no such element: Unable to locate element: {"method":"css selector","selector":".ico\-account"}
  (Session info: chrome=102.0.5005.63)
For documentation on this error, please visit: https://selenium.dev/exceptions/#no_such_element
Build info: version: '4.1.4', revision: '535d840ee2'
System info: host: 'DESKTOP-QN39QBK', ip: '169.254.106.61', os.name: 'Windows 10', os.arch: 'amd64', os.version: '10.0', java.version: '15.0.2'
Driver info: org.openqa.selenium.chrome.ChromeDriver
Command: [641d9d115af21c4d52449e898c65c6bb, findElement {using=class name, value=ico-account}]
Capabilities {acceptInsecureCerts: false, browserName: chrome, browserVersion: 102.0.5005.63, chrome: {chromedriverVersion: 102.0.5005.61 (0e59bcc00cc4..., userDataDir: C:\Users\lenovo\AppData\Loc...}, goog:chromeOptions: {debuggerAddress: localhost:61981}, javascriptEnabled: true, networkConnectionEnabled: false, pageLoadStrategy: normal, platform: WINDOWS, platformName: WINDOWS, proxy: Proxy(), se:cdp: ws://localhost:61981/devtoo..., se:cdpVersion: 102.0.5005.63, setWindowRect: true, strictFileInteractability: false, timeouts: {implicit: 0, pageLoad: 300000, script: 30000}, unhandledPromptBehavior: dismiss and notify, webauthn:extension:credBlob: true, webauthn:extension:largeBlob: true, webauthn:virtualAuthenticators: true}
Session ID: 641d9d115af21c4d52449e898c65c6bb]]>
            </message>
            <full-stacktrace>
              <![CDATA[org.openqa.selenium.NoSuchElementException: no such element: Unable to locate element: {"method":"css selector","selector":".ico\-account"}
  (Session info: chrome=102.0.5005.63)
For documentation on this error, please visit: https://selenium.dev/exceptions/#no_such_element
Build info: version: '4.1.4', revision: '535d840ee2'
System info: host: 'DESKTOP-QN39QBK', ip: '169.254.106.61', os.name: 'Windows 10', os.arch: 'amd64', os.version: '10.0', java.version: '15.0.2'
Driver info: org.openqa.selenium.chrome.ChromeDriver
Command: [641d9d115af21c4d52449e898c65c6bb, findElement {using=class name, value=ico-account}]
Capabilities {acceptInsecureCerts: false, browserName: chrome, browserVersion: 102.0.5005.63, chrome: {chromedriverVersion: 102.0.5005.61 (0e59bcc00cc4..., userDataDir: C:\Users\lenovo\AppData\Loc...}, goog:chromeOptions: {debuggerAddress: localhost:61981}, javascriptEnabled: true, networkConnectionEnabled: false, pageLoadStrategy: normal, platform: WINDOWS, platformName: WINDOWS, proxy: Proxy(), se:cdp: ws://localhost:61981/devtoo..., se:cdpVersion: 102.0.5005.63, setWindowRect: true, strictFileInteractability: false, timeouts: {implicit: 0, pageLoad: 300000, script: 30000}, unhandledPromptBehavior: dismiss and notify, webauthn:extension:credBlob: true, webauthn:extension:largeBlob: true, webauthn:virtualAuthenticators: true}
Session ID: 641d9d115af21c4d52449e898c65c6bb
at java.base/jdk.internal.reflect.NativeConstructorAccessorImpl.newInstance0(Native Method)
at java.base/jdk.internal.reflect.NativeConstructorAccessorImpl.newInstance(NativeConstructorAccessorImpl.java:64)
at java.base/jdk.internal.reflect.DelegatingConstructorAccessorImpl.newInstance(DelegatingConstructorAccessorImpl.java:45)
at java.base/java.lang.reflect.Constructor.newInstanceWithCaller(Constructor.java:500)
at java.base/java.lang.reflect.Constructor.newInstance(Constructor.java:481)
at org.openqa.selenium.remote.codec.w3c.W3CHttpResponseCodec.createException(W3CHttpResponseCodec.java:200)
at org.openqa.selenium.remote.codec.w3c.W3CHttpResponseCodec.decode(W3CHttpResponseCodec.java:133)
at org.openqa.selenium.remote.codec.w3c.W3CHttpResponseCodec.decode(W3CHttpResponseCodec.java:53)
at org.openqa.selenium.remote.HttpCommandExecutor.execute(HttpCommandExecutor.java:184)
at org.openqa.selenium.remote.service.DriverCommandExecutor.invokeExecute(DriverCommandExecutor.java:167)
at org.openqa.selenium.remote.service.DriverCommandExecutor.execute(DriverCommandExecutor.java:142)
at org.openqa.selenium.remote.RemoteWebDriver.execute(RemoteWebDriver.java:567)
at org.openqa.selenium.remote.ElementLocation$ElementFinder$2.findElement(ElementLocation.java:162)
at org.openqa.selenium.remote.ElementLocation.findElement(ElementLocation.java:60)
at org.openqa.selenium.remote.RemoteWebDriver.findElement(RemoteWebDriver.java:385)
at org.openqa.selenium.remote.RemoteWebDriver.findElement(RemoteWebDriver.java:377)
at org.openqa.selenium.support.pagefactory.DefaultElementLocator.findElement(DefaultElementLocator.java:70)
at org.openqa.selenium.support.pagefactory.internal.LocatingElementHandler.invoke(LocatingElementHandler.java:39)
at com.sun.proxy.$Proxy29.isDisplayed(Unknown Source)
at stepdefinitions.LoginStepDef.loginAssertion(LoginStepDef.java:36)
at ✽.User could login successfully(file:///C:/Users/lenovo/Downloads/Ecommece/EcommercePorject/src/main/resources/features/Login.feature:12)
]]>
            </full-stacktrace>
          </exception> <!-- org.openqa.selenium.NoSuchElementException -->
          <reporter-output>
          </reporter-output>
        </test-method> <!-- runScenario -->
        <test-method signature="runScenario(io.cucumber.testng.PickleWrapper,io.cucumber.testng.FeatureWrapper)[pri:0, instance:testrunners.TestRunner@7a362b6b]" started-at="2022-06-08T14:55:31 EET" name="runScenario" description="Runs Cucumber Scenarios" data-provider="scenarios" finished-at="2022-06-08T14:55:38 EET" duration-ms="7655" status="PASS">
          <params>
            <param index="0">
              <value>
                <![CDATA["User register with valid data"]]>
              </value>
            </param>
            <param index="1">
              <value>
                <![CDATA["User could register with valid data"]]>
              </value>
            </param>
          </params>
          <reporter-output>
          </reporter-output>
        </test-method> <!-- runScenario -->
        <test-method signature="runScenario(io.cucumber.testng.PickleWrapper,io.cucumber.testng.FeatureWrapper)[pri:0, instance:testrunners.TestRunner@7a362b6b]" started-at="2022-06-08T14:55:38 EET" name="runScenario" description="Runs Cucumber Scenarios" data-provider="scenarios" finished-at="2022-06-08T14:55:46 EET" duration-ms="7571" status="PASS">
          <params>
            <param index="0">
              <value>
                <![CDATA["User search for desired products with product name"]]>
              </value>
            </param>
            <param index="1">
              <value>
                <![CDATA["User could search for any product"]]>
              </value>
            </param>
          </params>
          <reporter-output>
          </reporter-output>
        </test-method> <!-- runScenario -->
        <test-method signature="runScenario(io.cucumber.testng.PickleWrapper,io.cucumber.testng.FeatureWrapper)[pri:0, instance:testrunners.TestRunner@7a362b6b]" started-at="2022-06-08T14:55:46 EET" name="runScenario" description="Runs Cucumber Scenarios" data-provider="scenarios" finished-at="2022-06-08T14:55:51 EET" duration-ms="5264" status="PASS">
          <params>
            <param index="0">
              <value>
                <![CDATA["User search for desired products with SKU"]]>
              </value>
            </param>
            <param index="1">
              <value>
                <![CDATA["User could search for any product"]]>
              </value>
            </param>
          </params>
          <reporter-output>
          </reporter-output>
        </test-method> <!-- runScenario -->
        <test-method signature="runScenario(io.cucumber.testng.PickleWrapper,io.cucumber.testng.FeatureWrapper)[pri:0, instance:testrunners.TestRunner@7a362b6b]" started-at="2022-06-08T14:55:51 EET" name="runScenario" description="Runs Cucumber Scenarios" data-provider="scenarios" finished-at="2022-06-08T14:56:01 EET" duration-ms="9756" status="PASS">
          <params>
            <param index="0">
              <value>
                <![CDATA["User choose a product and click on ADD TO CART button"]]>
              </value>
            </param>
            <param index="1">
              <value>
                <![CDATA["User could add products to cart"]]>
              </value>
            </param>
          </params>
          <reporter-output>
          </reporter-output>
        </test-method> <!-- runScenario -->
        <test-method signature="runScenario(io.cucumber.testng.PickleWrapper,io.cucumber.testng.FeatureWrapper)[pri:0, instance:testrunners.TestRunner@7a362b6b]" started-at="2022-06-08T14:56:01 EET" name="runScenario" description="Runs Cucumber Scenarios" data-provider="scenarios" finished-at="2022-06-08T14:56:10 EET" duration-ms="9279" status="PASS">
          <params>
            <param index="0">
              <value>
                <![CDATA["User choose a product and click on Add to wishlist icon"]]>
              </value>
            </param>
            <param index="1">
              <value>
                <![CDATA["User could add products to wishlist"]]>
              </value>
            </param>
          </params>
          <reporter-output>
          </reporter-output>
        </test-method> <!-- runScenario -->
        <test-method signature="runScenario(io.cucumber.testng.PickleWrapper,io.cucumber.testng.FeatureWrapper)[pri:0, instance:testrunners.TestRunner@7a362b6b]" started-at="2022-06-08T14:56:10 EET" name="runScenario" description="Runs Cucumber Scenarios" data-provider="scenarios" finished-at="2022-06-08T14:56:15 EET" duration-ms="4886" status="PASS">
          <params>
            <param index="0">
              <value>
                <![CDATA["User switch between US and Euro"]]>
              </value>
            </param>
            <param index="1">
              <value>
                <![CDATA["User could switch between currencies [US-Euro]"]]>
              </value>
            </param>
          </params>
          <reporter-output>
          </reporter-output>
        </test-method> <!-- runScenario -->
        <test-method is-config="true" signature="tearDownClass()[pri:0, instance:testrunners.TestRunner@7a362b6b]" started-at="2022-06-08T14:56:15 EET" name="tearDownClass" finished-at="2022-06-08T14:56:15 EET" duration-ms="74" status="PASS">
          <reporter-output>
          </reporter-output>
        </test-method> <!-- tearDownClass -->
      </class> <!-- testrunners.TestRunner -->
    </test> <!-- Default test -->
  </suite> <!-- Default suite -->
</testng-results>
